  [1m[35m (1176.0ms)[0m  [1m[35mCREATE DATABASE "ninety_nine_cats_development" ENCODING = 'unicode'[0m
  ↳ bin/rails:9
  [1m[35m (335.2ms)[0m  [1m[35mCREATE DATABASE "ninety_nine_cats_test" ENCODING = 'unicode'[0m
  ↳ bin/rails:9
  [1m[35m (183.5ms)[0m  [1m[35mCREATE TABLE "schema_migrations" ("version" character varying NOT NULL PRIMARY KEY)[0m
  ↳ bin/rails:9
  [1m[35m (4.8ms)[0m  [1m[35mCREATE TABLE "ar_internal_metadata" ("key" character varying NOT NULL PRIMARY KEY, "value" character varying, "created_at" timestamp NOT NULL, "updated_at" timestamp NOT NULL)[0m
  ↳ bin/rails:9
  [1m[35m (3.9ms)[0m  [1m[34mSELECT pg_try_advisory_lock(723150122408807205)[0m
  ↳ bin/rails:9
  [1m[35m (6.6ms)[0m  [1m[34mSELECT "schema_migrations"."version" FROM "schema_migrations" ORDER BY "schema_migrations"."version" ASC[0m
  ↳ bin/rails:9
Migrating to CreateCats (20181113200217)
  [1m[35m (0.3ms)[0m  [1m[35mBEGIN[0m
  ↳ bin/rails:9
  [1m[35m (56.7ms)[0m  [1m[35mCREATE TABLE "cats" ("id" bigserial primary key, "birth_date" date NOT NULL, "color" character varying NOT NULL, "name" character varying NOT NULL, "sex" character varying(1) NOT NULL, "description" text NOT NULL, "created_at" timestamp NOT NULL, "updated_at" timestamp NOT NULL)[0m
  ↳ db/migrate/20181113200217_create_cats.rb:3
  [1m[35m (1.4ms)[0m  [1m[35mCREATE  INDEX  "index_cats_on_name" ON "cats"  ("name")[0m
  ↳ db/migrate/20181113200217_create_cats.rb:12
  [1m[36mActiveRecord::SchemaMigration Create (0.6ms)[0m  [1m[32mINSERT INTO "schema_migrations" ("version") VALUES ($1) RETURNING "version"[0m  [["version", "20181113200217"]]
  ↳ bin/rails:9
  [1m[35m (0.8ms)[0m  [1m[35mCOMMIT[0m
  ↳ bin/rails:9
  [1m[36mActiveRecord::InternalMetadata Load (16.4ms)[0m  [1m[34mSELECT  "ar_internal_metadata".* FROM "ar_internal_metadata" WHERE "ar_internal_metadata"."key" = $1 LIMIT $2[0m  [["key", "environment"], ["LIMIT", 1]]
  ↳ bin/rails:9
  [1m[35m (0.2ms)[0m  [1m[35mBEGIN[0m
  ↳ bin/rails:9
  [1m[36mActiveRecord::InternalMetadata Create (0.6ms)[0m  [1m[32mINSERT INTO "ar_internal_metadata" ("key", "value", "created_at", "updated_at") VALUES ($1, $2, $3, $4) RETURNING "key"[0m  [["key", "environment"], ["value", "development"], ["created_at", "2018-11-13 20:10:01.910360"], ["updated_at", "2018-11-13 20:10:01.910360"]]
  ↳ bin/rails:9
  [1m[35m (0.5ms)[0m  [1m[35mCOMMIT[0m
  ↳ bin/rails:9
  [1m[35m (0.3ms)[0m  [1m[34mSELECT pg_advisory_unlock(723150122408807205)[0m
  ↳ bin/rails:9
  [1m[35m (0.5ms)[0m  [1m[34mSELECT "schema_migrations"."version" FROM "schema_migrations" ORDER BY "schema_migrations"."version" ASC[0m
  ↳ bin/rails:9
  [1m[35m (1.0ms)[0m  [1m[34mSELECT "schema_migrations"."version" FROM "schema_migrations" ORDER BY "schema_migrations"."version" ASC[0m
  ↳ /usr/local/var/rbenv/versions/2.5.0/bin/annotate:23
  [1m[36mCat Load (29.8ms)[0m  [1m[34mSELECT "cats".* FROM "cats"[0m
  [1m[35m (0.2ms)[0m  [1m[35mBEGIN[0m
  [1m[36mCat Create (15.1ms)[0m  [1m[32mINSERT INTO "cats" ("birth_date", "color", "name", "sex", "description", "created_at", "updated_at") VALUES ($1, $2, $3, $4, $5, $6, $7) RETURNING "id"[0m  [["birth_date", "2010-01-01"], ["color", "brown"], ["name", "Bob"], ["sex", "M"], ["description", "The most beautiful cat in the world."], ["created_at", "2018-11-13 22:08:12.649924"], ["updated_at", "2018-11-13 22:08:12.649924"]]
  [1m[35m (27.9ms)[0m  [1m[35mCOMMIT[0m
  [1m[36mCat Load (38.8ms)[0m  [1m[34mSELECT "cats".* FROM "cats"[0m
Started GET "/index" for 127.0.0.1 at 2018-11-13 14:08:37 -0800
  [1m[35m (1.2ms)[0m  [1m[34mSELECT "schema_migrations"."version" FROM "schema_migrations" ORDER BY "schema_migrations"."version" ASC[0m
  ↳ /usr/local/var/rbenv/versions/2.5.0/lib/ruby/gems/2.5.0/gems/activerecord-5.2.1/lib/active_record/log_subscriber.rb:98
  
ActionController::RoutingError (No route matches [GET] "/index"):
  
actionpack (5.2.1) lib/action_dispatch/middleware/debug_exceptions.rb:65:in `call'
web-console (3.7.0) lib/web_console/middleware.rb:135:in `call_app'
web-console (3.7.0) lib/web_console/middleware.rb:30:in `block in call'
web-console (3.7.0) lib/web_console/middleware.rb:20:in `catch'
web-console (3.7.0) lib/web_console/middleware.rb:20:in `call'
actionpack (5.2.1) lib/action_dispatch/middleware/show_exceptions.rb:33:in `call'
railties (5.2.1) lib/rails/rack/logger.rb:38:in `call_app'
railties (5.2.1) lib/rails/rack/logger.rb:26:in `block in call'
activesupport (5.2.1) lib/active_support/tagged_logging.rb:71:in `block in tagged'
activesupport (5.2.1) lib/active_support/tagged_logging.rb:28:in `tagged'
activesupport (5.2.1) lib/active_support/tagged_logging.rb:71:in `tagged'
railties (5.2.1) lib/rails/rack/logger.rb:26:in `call'
sprockets-rails (3.2.1) lib/sprockets/rails/quiet_assets.rb:13:in `call'
actionpack (5.2.1) lib/action_dispatch/middleware/remote_ip.rb:81:in `call'
actionpack (5.2.1) lib/action_dispatch/middleware/request_id.rb:27:in `call'
rack (2.0.6) lib/rack/method_override.rb:22:in `call'
rack (2.0.6) lib/rack/runtime.rb:22:in `call'
activesupport (5.2.1) lib/active_support/cache/strategy/local_cache_middleware.rb:29:in `call'
actionpack (5.2.1) lib/action_dispatch/middleware/executor.rb:14:in `call'
actionpack (5.2.1) lib/action_dispatch/middleware/static.rb:127:in `call'
rack (2.0.6) lib/rack/sendfile.rb:111:in `call'
railties (5.2.1) lib/rails/engine.rb:524:in `call'
puma (3.12.0) lib/puma/configuration.rb:225:in `call'
puma (3.12.0) lib/puma/server.rb:658:in `handle_request'
puma (3.12.0) lib/puma/server.rb:472:in `process_client'
puma (3.12.0) lib/puma/server.rb:332:in `block in run'
puma (3.12.0) lib/puma/thread_pool.rb:133:in `block in spawn_thread'
Started GET "/index.html" for 127.0.0.1 at 2018-11-13 14:09:36 -0800
  
ActionController::RoutingError (No route matches [GET] "/index.html"):
  
actionpack (5.2.1) lib/action_dispatch/middleware/debug_exceptions.rb:65:in `call'
web-console (3.7.0) lib/web_console/middleware.rb:135:in `call_app'
web-console (3.7.0) lib/web_console/middleware.rb:30:in `block in call'
web-console (3.7.0) lib/web_console/middleware.rb:20:in `catch'
web-console (3.7.0) lib/web_console/middleware.rb:20:in `call'
actionpack (5.2.1) lib/action_dispatch/middleware/show_exceptions.rb:33:in `call'
railties (5.2.1) lib/rails/rack/logger.rb:38:in `call_app'
railties (5.2.1) lib/rails/rack/logger.rb:26:in `block in call'
activesupport (5.2.1) lib/active_support/tagged_logging.rb:71:in `block in tagged'
activesupport (5.2.1) lib/active_support/tagged_logging.rb:28:in `tagged'
activesupport (5.2.1) lib/active_support/tagged_logging.rb:71:in `tagged'
railties (5.2.1) lib/rails/rack/logger.rb:26:in `call'
sprockets-rails (3.2.1) lib/sprockets/rails/quiet_assets.rb:13:in `call'
actionpack (5.2.1) lib/action_dispatch/middleware/remote_ip.rb:81:in `call'
actionpack (5.2.1) lib/action_dispatch/middleware/request_id.rb:27:in `call'
rack (2.0.6) lib/rack/method_override.rb:22:in `call'
rack (2.0.6) lib/rack/runtime.rb:22:in `call'
activesupport (5.2.1) lib/active_support/cache/strategy/local_cache_middleware.rb:29:in `call'
actionpack (5.2.1) lib/action_dispatch/middleware/executor.rb:14:in `call'
actionpack (5.2.1) lib/action_dispatch/middleware/static.rb:127:in `call'
rack (2.0.6) lib/rack/sendfile.rb:111:in `call'
railties (5.2.1) lib/rails/engine.rb:524:in `call'
puma (3.12.0) lib/puma/configuration.rb:225:in `call'
puma (3.12.0) lib/puma/server.rb:658:in `handle_request'
puma (3.12.0) lib/puma/server.rb:472:in `process_client'
puma (3.12.0) lib/puma/server.rb:332:in `block in run'
puma (3.12.0) lib/puma/thread_pool.rb:133:in `block in spawn_thread'
Started GET "/cats/index" for 127.0.0.1 at 2018-11-13 14:10:45 -0800

AbstractController::ActionNotFound - The action 'show' could not be found for CatsController:

Started POST "/__better_errors/833fa2812f138a65/variables" for 127.0.0.1 at 2018-11-13 14:10:45 -0800
Started GET "/cats" for 127.0.0.1 at 2018-11-13 14:10:56 -0800
Processing by CatsController#index as HTML
  Rendering cats/index.html.erb within layouts/application
  [1m[36mCat Load (1.5ms)[0m  [1m[34mSELECT "cats".* FROM "cats"[0m
  ↳ app/views/cats/index.html.erb:4
  Rendered cats/index.html.erb within layouts/application (42.2ms)
Completed 200 OK in 610ms (Views: 539.5ms | ActiveRecord: 13.5ms)


Started GET "/cats" for 127.0.0.1 at 2018-11-13 14:11:27 -0800
Processing by CatsController#index as HTML
  Rendering cats/index.html.erb within layouts/application
  [1m[36mCat Load (0.8ms)[0m  [1m[34mSELECT "cats".* FROM "cats"[0m
  ↳ app/views/cats/index.html.erb:4
  Rendered cats/index.html.erb within layouts/application (3.3ms)
Completed 200 OK in 14ms (Views: 12.5ms | ActiveRecord: 0.8ms)


Started GET "/cats" for 127.0.0.1 at 2018-11-13 14:24:54 -0800

SyntaxError - syntax error, unexpected tSYMBEG, expecting keyword_do or '{' or '('
    @cat ? render :show : render :index
                  ^:
  app/controllers/cats_controller.rb:10:in `'

Started POST "/__better_errors/c2f416b31c38715e/variables" for 127.0.0.1 at 2018-11-13 14:24:54 -0800
Started GET "/cats" for 127.0.0.1 at 2018-11-13 14:25:35 -0800
Processing by CatsController#index as HTML
  Rendering cats/index.html.erb within layouts/application
  [1m[36mCat Load (1.2ms)[0m  [1m[34mSELECT "cats".* FROM "cats"[0m
  ↳ app/views/cats/index.html.erb:4
  Rendered cats/index.html.erb within layouts/application (26.2ms)
Completed 200 OK in 130ms (Views: 92.8ms | ActiveRecord: 13.5ms)


Started GET "/cats.1" for 127.0.0.1 at 2018-11-13 14:26:09 -0800
Processing by CatsController#index as 
  Rendering cats/index.html.erb within layouts/application
  [1m[36mCat Load (0.7ms)[0m  [1m[34mSELECT "cats".* FROM "cats"[0m
  ↳ app/views/cats/index.html.erb:4
  Rendered cats/index.html.erb within layouts/application (2.7ms)
Completed 200 OK in 41ms (Views: 39.4ms | ActiveRecord: 0.7ms)


Started GET "/cats.1" for 127.0.0.1 at 2018-11-13 14:26:10 -0800
Processing by CatsController#index as 
  Rendering cats/index.html.erb within layouts/application
  [1m[36mCat Load (0.9ms)[0m  [1m[34mSELECT "cats".* FROM "cats"[0m
  ↳ app/views/cats/index.html.erb:4
  Rendered cats/index.html.erb within layouts/application (3.5ms)
Completed 200 OK in 39ms (Views: 37.8ms | ActiveRecord: 0.9ms)


Started GET "/cats.1" for 127.0.0.1 at 2018-11-13 14:26:12 -0800
Processing by CatsController#index as 
  Rendering cats/index.html.erb within layouts/application
  [1m[36mCat Load (0.4ms)[0m  [1m[34mSELECT "cats".* FROM "cats"[0m
  ↳ app/views/cats/index.html.erb:4
  Rendered cats/index.html.erb within layouts/application (2.0ms)
Completed 200 OK in 36ms (Views: 35.2ms | ActiveRecord: 0.4ms)


Started GET "/cats.1" for 127.0.0.1 at 2018-11-13 14:26:12 -0800
Processing by CatsController#index as 
  Rendering cats/index.html.erb within layouts/application
  [1m[36mCat Load (0.6ms)[0m  [1m[34mSELECT "cats".* FROM "cats"[0m
  ↳ app/views/cats/index.html.erb:4
  Rendered cats/index.html.erb within layouts/application (2.7ms)
Completed 200 OK in 36ms (Views: 34.6ms | ActiveRecord: 0.6ms)


Started GET "/cats.1" for 127.0.0.1 at 2018-11-13 14:26:12 -0800
Processing by CatsController#index as 
  Rendering cats/index.html.erb within layouts/application
  [1m[36mCat Load (0.7ms)[0m  [1m[34mSELECT "cats".* FROM "cats"[0m
  ↳ app/views/cats/index.html.erb:4
  Rendered cats/index.html.erb within layouts/application (3.1ms)
Completed 200 OK in 37ms (Views: 35.7ms | ActiveRecord: 0.7ms)


Started GET "/cats.1" for 127.0.0.1 at 2018-11-13 14:26:13 -0800
Processing by CatsController#index as 
  Rendering cats/index.html.erb within layouts/application
  [1m[36mCat Load (0.6ms)[0m  [1m[34mSELECT "cats".* FROM "cats"[0m
  ↳ app/views/cats/index.html.erb:4
  Rendered cats/index.html.erb within layouts/application (2.7ms)
Completed 200 OK in 39ms (Views: 37.1ms | ActiveRecord: 0.6ms)


Started GET "/cats.1" for 127.0.0.1 at 2018-11-13 14:26:13 -0800
Processing by CatsController#index as 
  Rendering cats/index.html.erb within layouts/application
  [1m[36mCat Load (0.6ms)[0m  [1m[34mSELECT "cats".* FROM "cats"[0m
  ↳ app/views/cats/index.html.erb:4
  Rendered cats/index.html.erb within layouts/application (2.6ms)
Completed 200 OK in 36ms (Views: 34.8ms | ActiveRecord: 0.6ms)


Started GET "/cats.1" for 127.0.0.1 at 2018-11-13 14:26:21 -0800
Processing by CatsController#index as 
  Rendering cats/index.html.erb within layouts/application
  [1m[36mCat Load (0.5ms)[0m  [1m[34mSELECT "cats".* FROM "cats"[0m
  ↳ app/views/cats/index.html.erb:4
  Rendered cats/index.html.erb within layouts/application (2.4ms)
Completed 200 OK in 39ms (Views: 37.7ms | ActiveRecord: 0.5ms)


Started GET "/cats.1" for 127.0.0.1 at 2018-11-13 14:26:21 -0800
Processing by CatsController#index as 
  Rendering cats/index.html.erb within layouts/application
  [1m[36mCat Load (0.5ms)[0m  [1m[34mSELECT "cats".* FROM "cats"[0m
  ↳ app/views/cats/index.html.erb:4
  Rendered cats/index.html.erb within layouts/application (2.1ms)
Completed 200 OK in 35ms (Views: 34.0ms | ActiveRecord: 0.5ms)


Started GET "/cats.1" for 127.0.0.1 at 2018-11-13 14:26:21 -0800
Processing by CatsController#index as 
  Rendering cats/index.html.erb within layouts/application
  [1m[36mCat Load (0.5ms)[0m  [1m[34mSELECT "cats".* FROM "cats"[0m
  ↳ app/views/cats/index.html.erb:4
  Rendered cats/index.html.erb within layouts/application (2.6ms)
Completed 200 OK in 39ms (Views: 38.3ms | ActiveRecord: 0.5ms)


Started GET "/cats.1" for 127.0.0.1 at 2018-11-13 14:26:22 -0800
Processing by CatsController#index as 
  Rendering cats/index.html.erb within layouts/application
  [1m[36mCat Load (0.5ms)[0m  [1m[34mSELECT "cats".* FROM "cats"[0m
  ↳ app/views/cats/index.html.erb:4
  Rendered cats/index.html.erb within layouts/application (2.1ms)
Completed 200 OK in 36ms (Views: 34.8ms | ActiveRecord: 0.5ms)


Started GET "/cats.1" for 127.0.0.1 at 2018-11-13 14:26:22 -0800
Processing by CatsController#index as 
  Rendering cats/index.html.erb within layouts/application
  [1m[36mCat Load (0.5ms)[0m  [1m[34mSELECT "cats".* FROM "cats"[0m
  ↳ app/views/cats/index.html.erb:4
  Rendered cats/index.html.erb within layouts/application (2.0ms)
Completed 200 OK in 38ms (Views: 36.5ms | ActiveRecord: 0.5ms)


Started GET "/cats.1" for 127.0.0.1 at 2018-11-13 14:26:22 -0800
Processing by CatsController#index as 
  Rendering cats/index.html.erb within layouts/application
  [1m[36mCat Load (0.5ms)[0m  [1m[34mSELECT "cats".* FROM "cats"[0m
  ↳ app/views/cats/index.html.erb:4
  Rendered cats/index.html.erb within layouts/application (2.3ms)
Completed 200 OK in 33ms (Views: 32.3ms | ActiveRecord: 0.5ms)


Started GET "/cats.1" for 127.0.0.1 at 2018-11-13 14:26:22 -0800
Processing by CatsController#index as 
  Rendering cats/index.html.erb within layouts/application
  [1m[36mCat Load (0.5ms)[0m  [1m[34mSELECT "cats".* FROM "cats"[0m
  ↳ app/views/cats/index.html.erb:4
  Rendered cats/index.html.erb within layouts/application (2.0ms)
Completed 200 OK in 35ms (Views: 34.1ms | ActiveRecord: 0.5ms)


Started GET "/cats.1" for 127.0.0.1 at 2018-11-13 14:26:22 -0800
Processing by CatsController#index as 
  Rendering cats/index.html.erb within layouts/application
  [1m[36mCat Load (0.6ms)[0m  [1m[34mSELECT "cats".* FROM "cats"[0m
  ↳ app/views/cats/index.html.erb:4
  Rendered cats/index.html.erb within layouts/application (2.3ms)
Completed 200 OK in 38ms (Views: 36.3ms | ActiveRecord: 0.6ms)


Started GET "/cats.1" for 127.0.0.1 at 2018-11-13 14:27:17 -0800
Processing by CatsController#index as 
  Rendering cats/index.html.erb within layouts/application
  [1m[36mCat Load (0.6ms)[0m  [1m[34mSELECT "cats".* FROM "cats"[0m
  ↳ app/views/cats/index.html.erb:4
  Rendered cats/index.html.erb within layouts/application (2.6ms)
Completed 200 OK in 84ms (Views: 82.5ms | ActiveRecord: 0.6ms)


Started GET "/cats.1" for 127.0.0.1 at 2018-11-13 14:27:18 -0800
Processing by CatsController#index as 
  Rendering cats/index.html.erb within layouts/application
  [1m[36mCat Load (0.5ms)[0m  [1m[34mSELECT "cats".* FROM "cats"[0m
  ↳ app/views/cats/index.html.erb:4
  Rendered cats/index.html.erb within layouts/application (1.9ms)
Completed 200 OK in 36ms (Views: 35.2ms | ActiveRecord: 0.5ms)


Started GET "/cats.1" for 127.0.0.1 at 2018-11-13 14:27:18 -0800
Processing by CatsController#index as 
  Rendering cats/index.html.erb within layouts/application
  [1m[36mCat Load (0.5ms)[0m  [1m[34mSELECT "cats".* FROM "cats"[0m
  ↳ app/views/cats/index.html.erb:4
  Rendered cats/index.html.erb within layouts/application (2.3ms)
Completed 200 OK in 34ms (Views: 33.2ms | ActiveRecord: 0.5ms)


Started GET "/cats/1" for 127.0.0.1 at 2018-11-13 14:27:19 -0800
Processing by CatsController#show as HTML
  Parameters: {"id"=>"1"}
  [1m[36mCat Load (0.5ms)[0m  [1m[34mSELECT  "cats".* FROM "cats" WHERE "cats"."id" = $1 LIMIT $2[0m  [["id", 1], ["LIMIT", 1]]
  ↳ app/controllers/cats_controller.rb:9
  Rendering cats/show.html.erb within layouts/application
  Rendered cats/show.html.erb within layouts/application (0.9ms)
Completed 200 OK in 120ms (Views: 15.6ms | ActiveRecord: 0.8ms)


Started GET "/cats.1" for 127.0.0.1 at 2018-11-13 14:32:22 -0800
Processing by CatsController#index as 
  Rendering cats/index.html.erb within layouts/application
  [1m[36mCat Load (0.6ms)[0m  [1m[34mSELECT "cats".* FROM "cats"[0m
  ↳ app/views/cats/index.html.erb:4
  Rendered cats/index.html.erb within layouts/application (3.6ms)
Completed 200 OK in 69ms (Views: 67.7ms | ActiveRecord: 0.6ms)


Started GET "/cats" for 127.0.0.1 at 2018-11-13 14:32:25 -0800
Processing by CatsController#index as HTML
  Rendering cats/index.html.erb within layouts/application
  [1m[36mCat Load (0.6ms)[0m  [1m[34mSELECT "cats".* FROM "cats"[0m
  ↳ app/views/cats/index.html.erb:4
  Rendered cats/index.html.erb within layouts/application (3.4ms)
Completed 200 OK in 15ms (Views: 13.8ms | ActiveRecord: 0.6ms)


Started GET "/cats/1" for 127.0.0.1 at 2018-11-13 14:32:27 -0800
Processing by CatsController#show as HTML
  Parameters: {"id"=>"1"}
  [1m[36mCat Load (0.5ms)[0m  [1m[34mSELECT  "cats".* FROM "cats" WHERE "cats"."id" = $1 LIMIT $2[0m  [["id", 1], ["LIMIT", 1]]
  ↳ app/controllers/cats_controller.rb:9
  Rendering cats/show.html.erb within layouts/application
  Rendered cats/show.html.erb within layouts/application (0.7ms)
Completed 200 OK in 15ms (Views: 13.1ms | ActiveRecord: 0.5ms)


Started GET "/cats/1" for 127.0.0.1 at 2018-11-13 14:33:18 -0800
Processing by CatsController#show as HTML
  Parameters: {"id"=>"1"}
  [1m[36mCat Load (0.9ms)[0m  [1m[34mSELECT  "cats".* FROM "cats" WHERE "cats"."id" = $1 LIMIT $2[0m  [["id", 1], ["LIMIT", 1]]
  ↳ app/controllers/cats_controller.rb:9
  Rendering cats/show.html.erb within layouts/application
  Rendered cats/show.html.erb within layouts/application (0.7ms)
Completed 200 OK in 39ms (Views: 36.1ms | ActiveRecord: 0.9ms)


Started GET "/cats/1" for 127.0.0.1 at 2018-11-13 14:33:43 -0800
Processing by CatsController#show as HTML
  Parameters: {"id"=>"1"}
  [1m[36mCat Load (0.4ms)[0m  [1m[34mSELECT  "cats".* FROM "cats" WHERE "cats"."id" = $1 LIMIT $2[0m  [["id", 1], ["LIMIT", 1]]
  ↳ app/controllers/cats_controller.rb:9
  Rendering cats/show.html.erb within layouts/application
  Rendered cats/show.html.erb within layouts/application (0.8ms)
Completed 200 OK in 14ms (Views: 11.8ms | ActiveRecord: 0.4ms)


Started GET "/cats/new" for 127.0.0.1 at 2018-11-13 14:43:38 -0800
Processing by CatsController#new as HTML
  Rendering cats/new.html.erb within layouts/application
  Rendered cats/new.html.erb within layouts/application (0.6ms)
Completed 200 OK in 33ms (Views: 32.9ms | ActiveRecord: 0.0ms)


Started GET "/cats/new" for 127.0.0.1 at 2018-11-13 14:43:59 -0800
Processing by CatsController#new as HTML
  Rendering cats/new.html.erb within layouts/application
  Rendered cats/new.html.erb within layouts/application (0.7ms)
Completed 200 OK in 12ms (Views: 11.2ms | ActiveRecord: 0.0ms)


Started GET "/cats/new" for 127.0.0.1 at 2018-11-13 14:44:30 -0800
Processing by CatsController#new as HTML
  Rendering cats/new.html.erb within layouts/application
  Rendered cats/new.html.erb within layouts/application (1.0ms)
Completed 200 OK in 12ms (Views: 11.2ms | ActiveRecord: 0.0ms)


Started GET "/cats/new" for 127.0.0.1 at 2018-11-13 14:44:50 -0800
Processing by CatsController#new as HTML
  Rendering cats/new.html.erb within layouts/application
  Rendered cats/new.html.erb within layouts/application (0.9ms)
Completed 200 OK in 13ms (Views: 12.1ms | ActiveRecord: 0.0ms)


  [1m[35m (0.3ms)[0m  [1m[35mBEGIN[0m
  [1m[35m (0.3ms)[0m  [1m[31mROLLBACK[0m
  [1m[35m (0.2ms)[0m  [1m[35mBEGIN[0m
  [1m[35m (0.3ms)[0m  [1m[31mROLLBACK[0m
Started GET "/cats/new" for 127.0.0.1 at 2018-11-13 14:54:27 -0800
Processing by CatsController#new as HTML
  Rendering cats/new.html.erb within layouts/application
  Rendered cats/new.html.erb within layouts/application (44.0ms)
Completed 200 OK in 95ms (Views: 93.6ms | ActiveRecord: 0.0ms)


Started GET "/cats/new" for 127.0.0.1 at 2018-11-13 15:01:51 -0800
Processing by CatsController#new as HTML
  Rendering cats/new.html.erb within layouts/application
  Rendered cats/new.html.erb within layouts/application (43.0ms)
Completed 200 OK in 85ms (Views: 84.3ms | ActiveRecord: 0.0ms)


Started GET "/cats/new" for 127.0.0.1 at 2018-11-13 15:02:07 -0800
Processing by CatsController#new as HTML
  Rendering cats/new.html.erb within layouts/application
  Rendered cats/new.html.erb within layouts/application (1.4ms)
Completed 200 OK in 49ms (Views: 48.4ms | ActiveRecord: 0.0ms)


Started GET "/cats/new" for 127.0.0.1 at 2018-11-13 15:20:56 -0800
Processing by CatsController#new as HTML
  Rendering cats/new.html.erb within layouts/application
  Rendered cats/new.html.erb within layouts/application (55.0ms)
Completed 200 OK in 146ms (Views: 144.0ms | ActiveRecord: 0.0ms)


Started GET "/cats/new" for 127.0.0.1 at 2018-11-13 15:20:57 -0800
Processing by CatsController#new as HTML
  Rendering cats/new.html.erb within layouts/application
  Rendered cats/new.html.erb within layouts/application (1.5ms)
Completed 200 OK in 16ms (Views: 15.6ms | ActiveRecord: 0.0ms)


Started POST "/cats" for 127.0.0.1 at 2018-11-13 15:21:14 -0800
Processing by CatsController#create as HTML
  Parameters: {"cats"=>{"name"=>"Johnny", "sex"=>"M", "birth_date"=>"2018-11-12", "description"=>"A newborn!"}}
Completed 500 Internal Server Error in 362ms (ActiveRecord: 0.0ms)



NameError - undefined local variable or method `cats_params' for #<CatsController:0x00007ff30f765278>
Did you mean?  cat_params:
  app/controllers/cats_controller.rb:18:in `create'

Started POST "/__better_errors/e7c582b2c70fde09/variables" for 127.0.0.1 at 2018-11-13 15:21:14 -0800
Started GET "/cats/new" for 127.0.0.1 at 2018-11-13 15:21:47 -0800
Processing by CatsController#new as HTML
  Rendering cats/new.html.erb within layouts/application
  Rendered cats/new.html.erb within layouts/application (22.7ms)
Completed 200 OK in 68ms (Views: 67.2ms | ActiveRecord: 0.0ms)


Started POST "/cats" for 127.0.0.1 at 2018-11-13 15:22:00 -0800
Processing by CatsController#create as HTML
  Parameters: {"cats"=>{"name"=>"Johnny", "sex"=>"M", "birth_date"=>"2018-11-12", "description"=>"A newborn!"}}
Completed 400 Bad Request in 2ms (ActiveRecord: 0.0ms)



ActionController::ParameterMissing - param is missing or the value is empty: cat:
  app/controllers/cats_controller.rb:25:in `cat_params'
  app/controllers/cats_controller.rb:18:in `create'

Started POST "/__better_errors/3c42b8cde4b3da0b/variables" for 127.0.0.1 at 2018-11-13 15:22:00 -0800
Started GET "/cats/new" for 127.0.0.1 at 2018-11-13 15:22:42 -0800
Processing by CatsController#new as HTML
  Rendering cats/new.html.erb within layouts/application
  Rendered cats/new.html.erb within layouts/application (22.9ms)
Completed 200 OK in 53ms (Views: 52.2ms | ActiveRecord: 0.0ms)


Started POST "/cats" for 127.0.0.1 at 2018-11-13 15:22:55 -0800
Processing by CatsController#create as HTML
  Parameters: {"cats"=>{"name"=>"John", "sex"=>"M", "birth_date"=>"2018-11-12", "description"=>"A newborn!"}}
  [1m[35m (0.3ms)[0m  [1m[35mBEGIN[0m
  ↳ app/controllers/cats_controller.rb:20
  [1m[35m (0.2ms)[0m  [1m[31mROLLBACK[0m
  ↳ app/controllers/cats_controller.rb:20
Completed 500 Internal Server Error in 540ms (ActiveRecord: 60.9ms)



NameError - undefined local variable or method `cat_new' for #<CatsController:0x00007ff31078add8>:
  app/controllers/cats_controller.rb:20:in `create'

Started POST "/__better_errors/8e28ab555bea077d/variables" for 127.0.0.1 at 2018-11-13 15:22:55 -0800
Started GET "/cats/new" for 127.0.0.1 at 2018-11-13 15:23:34 -0800
Processing by CatsController#new as HTML
  Rendering cats/new.html.erb within layouts/application
  Rendered cats/new.html.erb within layouts/application (53.8ms)
Completed 200 OK in 115ms (Views: 114.1ms | ActiveRecord: 0.0ms)


Started POST "/cats" for 127.0.0.1 at 2018-11-13 15:24:07 -0800
Processing by CatsController#create as HTML
  Parameters: {"cats"=>{"name"=>"John", "sex"=>"M", "birth_date"=>"2018-11-12", "description"=>"A newborn!"}}
  [1m[35m (0.2ms)[0m  [1m[35mBEGIN[0m
  ↳ app/controllers/cats_controller.rb:20
  [1m[35m (0.2ms)[0m  [1m[31mROLLBACK[0m
  ↳ app/controllers/cats_controller.rb:20
Completed 500 Internal Server Error in 307ms (ActiveRecord: 9.0ms)



NameError - undefined local variable or method `new_cat' for #<CatsController:0x00007ff30f693e30>
Did you mean?  new_cat_url:
  app/controllers/cats_controller.rb:20:in `create'

Started POST "/__better_errors/bf1b2a520f9e4f68/variables" for 127.0.0.1 at 2018-11-13 15:24:07 -0800
Started GET "/cats/new" for 127.0.0.1 at 2018-11-13 15:25:21 -0800
Processing by CatsController#new as HTML
  Rendering cats/new.html.erb within layouts/application
  Rendered cats/new.html.erb within layouts/application (66.1ms)
Completed 200 OK in 124ms (Views: 122.9ms | ActiveRecord: 0.0ms)


Started POST "/cats" for 127.0.0.1 at 2018-11-13 15:25:24 -0800
Processing by CatsController#create as HTML
  Parameters: {"cats"=>{"name"=>"John", "birth_date"=>"", "description"=>""}}
  [1m[35m (0.2ms)[0m  [1m[35mBEGIN[0m
  ↳ app/controllers/cats_controller.rb:20
  [1m[35m (0.3ms)[0m  [1m[31mROLLBACK[0m
  ↳ app/controllers/cats_controller.rb:20
Redirected to http://localhost:3000/cats/new
Completed 302 Found in 32ms (ActiveRecord: 7.5ms)


Started GET "/cats/new" for 127.0.0.1 at 2018-11-13 15:25:25 -0800
Processing by CatsController#new as HTML
  Rendering cats/new.html.erb within layouts/application
  Rendered cats/new.html.erb within layouts/application (1.3ms)
Completed 200 OK in 20ms (Views: 18.0ms | ActiveRecord: 0.0ms)


Started POST "/cats" for 127.0.0.1 at 2018-11-13 15:25:36 -0800
Processing by CatsController#create as HTML
  Parameters: {"cats"=>{"name"=>"John", "sex"=>"M", "birth_date"=>"2018-11-12", "description"=>"A newborn!"}}
  [1m[35m (0.2ms)[0m  [1m[35mBEGIN[0m
  ↳ app/controllers/cats_controller.rb:20
  [1m[35m (0.2ms)[0m  [1m[31mROLLBACK[0m
  ↳ app/controllers/cats_controller.rb:20
Redirected to http://localhost:3000/cats/new
Completed 302 Found in 4ms (ActiveRecord: 0.5ms)


Started GET "/cats/new" for 127.0.0.1 at 2018-11-13 15:25:36 -0800
Processing by CatsController#new as HTML
  Rendering cats/new.html.erb within layouts/application
  Rendered cats/new.html.erb within layouts/application (0.8ms)
Completed 200 OK in 11ms (Views: 10.6ms | ActiveRecord: 0.0ms)


  [1m[36mCat Load (0.9ms)[0m  [1m[34mSELECT "cats".* FROM "cats"[0m
Started GET "/cats/new" for 127.0.0.1 at 2018-11-13 15:27:21 -0800
Processing by CatsController#new as HTML
  Rendering cats/new.html.erb within layouts/application
  Rendered cats/new.html.erb within layouts/application (21.1ms)
Completed 200 OK in 42ms (Views: 41.7ms | ActiveRecord: 0.0ms)


Started GET "/cats/new" for 127.0.0.1 at 2018-11-13 15:27:22 -0800
Processing by CatsController#new as HTML
  Rendering cats/new.html.erb within layouts/application
  Rendered cats/new.html.erb within layouts/application (1.0ms)
Completed 200 OK in 11ms (Views: 10.2ms | ActiveRecord: 0.0ms)


Started POST "/cats" for 127.0.0.1 at 2018-11-13 15:27:31 -0800
Processing by CatsController#create as HTML
  Parameters: {"cats"=>{"name"=>"John", "sex"=>"M", "birth_date"=>"2018-11-12", "description"=>"A newborn!"}}
  [1m[35m (0.2ms)[0m  [1m[35mBEGIN[0m
  ↳ app/controllers/cats_controller.rb:20
  [1m[35m (0.2ms)[0m  [1m[31mROLLBACK[0m
  ↳ app/controllers/cats_controller.rb:20
Redirected to http://localhost:3000/cats/new
Completed 302 Found in 24ms (ActiveRecord: 7.7ms)


Started GET "/cats/new" for 127.0.0.1 at 2018-11-13 15:27:31 -0800
Processing by CatsController#new as HTML
  Rendering cats/new.html.erb within layouts/application
  Rendered cats/new.html.erb within layouts/application (0.8ms)
Completed 200 OK in 12ms (Views: 11.1ms | ActiveRecord: 0.0ms)


  [1m[36mCat Load (0.4ms)[0m  [1m[34mSELECT "cats".* FROM "cats"[0m
Started POST "/cats" for 127.0.0.1 at 2018-11-13 15:29:00 -0800
Processing by CatsController#create as HTML
  Parameters: {"cats"=>{"name"=>"John", "sex"=>"M", "birth_date"=>"2018-11-12", "description"=>"A newborn!"}}
  [1m[35m (0.2ms)[0m  [1m[35mBEGIN[0m
  ↳ app/controllers/cats_controller.rb:20
  [1m[35m (0.2ms)[0m  [1m[31mROLLBACK[0m
  ↳ app/controllers/cats_controller.rb:20
Redirected to http://localhost:3000/cats/new
Completed 302 Found in 76ms (ActiveRecord: 7.9ms)


Started GET "/cats/new" for 127.0.0.1 at 2018-11-13 15:29:00 -0800
Processing by CatsController#new as HTML
  Rendering cats/new.html.erb within layouts/application
  Rendered cats/new.html.erb within layouts/application (0.7ms)
Completed 200 OK in 58ms (Views: 57.6ms | ActiveRecord: 0.0ms)


Started POST "/cats" for 127.0.0.1 at 2018-11-13 15:34:33 -0800
Processing by CatsController#create as HTML
  Parameters: {"cats"=>{"name"=>"jon", "sex"=>"M", "birth_date"=>"2018-11-13", "description"=>"faeaf"}}
  [1m[35m (0.3ms)[0m  [1m[35mBEGIN[0m
  ↳ app/controllers/cats_controller.rb:20
  [1m[35m (0.3ms)[0m  [1m[31mROLLBACK[0m
  ↳ app/controllers/cats_controller.rb:20
Redirected to http://localhost:3000/cats/new
Completed 302 Found in 6ms (ActiveRecord: 0.6ms)


Started GET "/cats/new" for 127.0.0.1 at 2018-11-13 15:34:33 -0800
Processing by CatsController#new as HTML
  Rendering cats/new.html.erb within layouts/application
  Rendered cats/new.html.erb within layouts/application (0.9ms)
Completed 200 OK in 35ms (Views: 34.1ms | ActiveRecord: 0.0ms)


Started POST "/cats" for 127.0.0.1 at 2018-11-13 15:36:08 -0800
Processing by CatsController#create as HTML
  Parameters: {"cats"=>{"name"=>"afa", "sex"=>"M", "birth_date"=>"2018-11-22", "description"=>"adw"}}
  [1m[35m (0.2ms)[0m  [1m[35mBEGIN[0m
  ↳ app/controllers/cats_controller.rb:20
  [1m[35m (0.3ms)[0m  [1m[31mROLLBACK[0m
  ↳ app/controllers/cats_controller.rb:20
Completed 422 Unprocessable Entity in 79ms (ActiveRecord: 8.8ms)



ActiveRecord::RecordInvalid - Validation failed: Color can't be blank, Color is not included in the list:
  app/controllers/cats_controller.rb:20:in `create'

Started POST "/__better_errors/4d44b94af9c69679/variables" for 127.0.0.1 at 2018-11-13 15:36:09 -0800
Started GET "/cats/new" for 127.0.0.1 at 2018-11-13 15:38:32 -0800
Processing by CatsController#new as HTML
  Rendering cats/new.html.erb within layouts/application
  Rendered cats/new.html.erb within layouts/application (0.9ms)
Completed 200 OK in 34ms (Views: 33.1ms | ActiveRecord: 0.0ms)


Started POST "/cats" for 127.0.0.1 at 2018-11-13 15:39:17 -0800
Processing by CatsController#create as HTML
  Parameters: {"cats"=>{"name"=>"kitteh", "sex"=>"F", "birth_date"=>"2018-11-11", "description"=>"pls work"}}
  [1m[35m (0.2ms)[0m  [1m[35mBEGIN[0m
  ↳ app/controllers/cats_controller.rb:20
  [1m[35m (0.2ms)[0m  [1m[31mROLLBACK[0m
  ↳ app/controllers/cats_controller.rb:20
Completed 422 Unprocessable Entity in 4ms (ActiveRecord: 0.4ms)



ActiveRecord::RecordInvalid - Validation failed: Color can't be blank, Color is not included in the list:
  app/controllers/cats_controller.rb:20:in `create'

Started POST "/__better_errors/05c0bf560d4cae96/variables" for 127.0.0.1 at 2018-11-13 15:39:17 -0800
Started GET "/cats/new" for 127.0.0.1 at 2018-11-13 15:44:37 -0800
Processing by CatsController#new as HTML
  Rendering cats/new.html.erb within layouts/application
  Rendered cats/new.html.erb within layouts/application (7.9ms)
Completed 200 OK in 71ms (Views: 63.6ms | ActiveRecord: 0.0ms)


Started POST "/cats" for 127.0.0.1 at 2018-11-13 15:45:04 -0800
Processing by CatsController#create as HTML
  Parameters: {"cats"=>{"name"=>"kitteh2", "sex"=>"F", "color"=>"Gray", "birth_date"=>"2018-11-04", "description"=>"pls pls work"}}
  [1m[35m (0.4ms)[0m  [1m[35mBEGIN[0m
  ↳ app/controllers/cats_controller.rb:20
  [1m[36mCat Create (51.5ms)[0m  [1m[32mINSERT INTO "cats" ("birth_date", "color", "name", "sex", "description", "created_at", "updated_at") VALUES ($1, $2, $3, $4, $5, $6, $7) RETURNING "id"[0m  [["birth_date", "2018-11-04"], ["color", "Gray"], ["name", "kitteh2"], ["sex", "F"], ["description", "pls pls work"], ["created_at", "2018-11-13 23:45:04.796631"], ["updated_at", "2018-11-13 23:45:04.796631"]]
  ↳ app/controllers/cats_controller.rb:20
  [1m[35m (25.1ms)[0m  [1m[35mCOMMIT[0m
  ↳ app/controllers/cats_controller.rb:20
Redirected to http://localhost:3000/cats
Completed 302 Found in 99ms (ActiveRecord: 77.0ms)


Started GET "/cats" for 127.0.0.1 at 2018-11-13 15:45:04 -0800
Processing by CatsController#index as HTML
  Rendering cats/index.html.erb within layouts/application
  [1m[36mCat Load (1.6ms)[0m  [1m[34mSELECT "cats".* FROM "cats"[0m
  ↳ app/views/cats/index.html.erb:4
  Rendered cats/index.html.erb within layouts/application (9.8ms)
Completed 200 OK in 25ms (Views: 21.6ms | ActiveRecord: 1.6ms)


Started GET "/cats/new" for 127.0.0.1 at 2018-11-13 15:47:33 -0800
Processing by CatsController#new as HTML
  Rendering cats/new.html.erb within layouts/application
  Rendered cats/new.html.erb within layouts/application (25.5ms)
Completed 200 OK in 37ms (Views: 35.8ms | ActiveRecord: 0.0ms)


Started POST "/cats" for 127.0.0.1 at 2018-11-13 15:48:23 -0800
Processing by CatsController#create as HTML
  Parameters: {"cats"=>{"name"=>"Johnny", "sex"=>"M", "color"=>"Nyancat", "birth_date"=>"1900-09-01", "description"=>"old kitteh"}}
  [1m[35m (0.2ms)[0m  [1m[35mBEGIN[0m
  ↳ app/controllers/cats_controller.rb:20
  [1m[36mCat Create (0.8ms)[0m  [1m[32mINSERT INTO "cats" ("birth_date", "color", "name", "sex", "description", "created_at", "updated_at") VALUES ($1, $2, $3, $4, $5, $6, $7) RETURNING "id"[0m  [["birth_date", "1900-09-01"], ["color", "Nyancat"], ["name", "Johnny"], ["sex", "M"], ["description", "old kitteh"], ["created_at", "2018-11-13 23:48:23.049405"], ["updated_at", "2018-11-13 23:48:23.049405"]]
  ↳ app/controllers/cats_controller.rb:20
  [1m[35m (0.9ms)[0m  [1m[35mCOMMIT[0m
  ↳ app/controllers/cats_controller.rb:20
Redirected to http://localhost:3000/cats
Completed 302 Found in 35ms (ActiveRecord: 11.7ms)


Started GET "/cats" for 127.0.0.1 at 2018-11-13 15:48:23 -0800
Processing by CatsController#index as HTML
  Rendering cats/index.html.erb within layouts/application
  [1m[36mCat Load (0.7ms)[0m  [1m[34mSELECT "cats".* FROM "cats"[0m
  ↳ app/views/cats/index.html.erb:4
  Rendered cats/index.html.erb within layouts/application (2.9ms)
Completed 200 OK in 23ms (Views: 21.4ms | ActiveRecord: 0.7ms)


Started GET "/cats/new" for 127.0.0.1 at 2018-11-13 16:59:58 -0800
Processing by CatsController#new as HTML
  Rendering cats/new.html.erb within layouts/application
  Rendered cats/new.html.erb within layouts/application (10.2ms)
Completed 200 OK in 75ms (Views: 70.9ms | ActiveRecord: 0.0ms)


Started GET "/cats/1/edit" for 127.0.0.1 at 2018-11-13 17:00:04 -0800
Processing by CatsController#edit as HTML
  Parameters: {"id"=>"1"}
  Rendering cats/edit.html.erb within layouts/application
  Rendered cats/edit.html.erb within layouts/application (17.5ms)
Completed 500 Internal Server Error in 33ms (ActiveRecord: 0.0ms)



NoMethodError - undefined method `name' for nil:NilClass:
  app/views/cats/edit.html.erb:4:in `_app_views_cats_edit_html_erb__769310646309288535_70340933852900'

Started POST "/__better_errors/c0263515a1e8f275/variables" for 127.0.0.1 at 2018-11-13 17:00:04 -0800
Started POST "/__better_errors/c0263515a1e8f275/variables" for 127.0.0.1 at 2018-11-13 17:01:24 -0800
  [1m[36mCat Load (1.0ms)[0m  [1m[34mSELECT "cats".* FROM "cats"[0m
Started GET "/cats/1/edit" for 127.0.0.1 at 2018-11-13 17:03:50 -0800
Processing by CatsController#edit as HTML
  Parameters: {"id"=>"1"}
  Rendering cats/edit.html.erb within layouts/application
  Rendered cats/edit.html.erb within layouts/application (6.2ms)
Completed 500 Internal Server Error in 31ms (ActiveRecord: 0.0ms)



NoMethodError - undefined method `name' for nil:NilClass:
  app/views/cats/edit.html.erb:4:in `_app_views_cats_edit_html_erb__769310646309288535_70340962188420'
  app/controllers/cats_controller.rb:18:in `edit'

Started POST "/__better_errors/e2c642bd898e8531/variables" for 127.0.0.1 at 2018-11-13 17:03:51 -0800
Started GET "/cats/1/edit" for 127.0.0.1 at 2018-11-13 17:03:54 -0800
Processing by CatsController#edit as HTML
  Parameters: {"id"=>"1"}
  Rendering cats/edit.html.erb within layouts/application
  Rendered cats/edit.html.erb within layouts/application (5.5ms)
Completed 500 Internal Server Error in 13ms (ActiveRecord: 0.0ms)



NoMethodError - undefined method `name' for nil:NilClass:
  app/views/cats/edit.html.erb:4:in `_app_views_cats_edit_html_erb__769310646309288535_70340962666960'
  app/controllers/cats_controller.rb:18:in `edit'

Started POST "/__better_errors/b16d789c51008b93/variables" for 127.0.0.1 at 2018-11-13 17:03:54 -0800
Started GET "/cats/1/edit" for 127.0.0.1 at 2018-11-13 17:04:01 -0800
Processing by CatsController#edit as HTML
  Parameters: {"id"=>"1"}
  Rendering cats/edit.html.erb within layouts/application
  Rendered cats/edit.html.erb within layouts/application (6.8ms)
Completed 500 Internal Server Error in 17ms (ActiveRecord: 0.0ms)



NoMethodError - undefined method `name' for nil:NilClass:
  app/views/cats/edit.html.erb:4:in `_app_views_cats_edit_html_erb__769310646309288535_70340927063380'
  app/controllers/cats_controller.rb:18:in `edit'

Started POST "/__better_errors/848132573d75f8ab/variables" for 127.0.0.1 at 2018-11-13 17:04:02 -0800
Started GET "/cats/1/edit" for 127.0.0.1 at 2018-11-13 17:05:01 -0800
Processing by CatsController#edit as HTML
  Parameters: {"id"=>"1"}
  [1m[36mCat Load (0.9ms)[0m  [1m[34mSELECT  "cats".* FROM "cats" WHERE "cats"."id" = $1 LIMIT $2[0m  [["id", 1], ["LIMIT", 1]]
  ↳ app/controllers/cats_controller.rb:18
  Rendering cats/edit.html.erb within layouts/application
  Rendered cats/edit.html.erb within layouts/application (2.0ms)
Completed 200 OK in 51ms (Views: 14.2ms | ActiveRecord: 14.5ms)


Started GET "/cats/1/edit" for 127.0.0.1 at 2018-11-13 17:06:32 -0800
Processing by CatsController#edit as HTML
  Parameters: {"id"=>"1"}
  [1m[36mCat Load (0.8ms)[0m  [1m[34mSELECT  "cats".* FROM "cats" WHERE "cats"."id" = $1 LIMIT $2[0m  [["id", 1], ["LIMIT", 1]]
  ↳ app/controllers/cats_controller.rb:18
  Rendering cats/edit.html.erb within layouts/application
  Rendered cats/edit.html.erb within layouts/application (1.0ms)
Completed 200 OK in 16ms (Views: 13.0ms | ActiveRecord: 0.8ms)


Started GET "/cats/1/edit" for 127.0.0.1 at 2018-11-13 17:07:13 -0800
Processing by CatsController#edit as HTML
  Parameters: {"id"=>"1"}
  [1m[36mCat Load (0.6ms)[0m  [1m[34mSELECT  "cats".* FROM "cats" WHERE "cats"."id" = $1 LIMIT $2[0m  [["id", 1], ["LIMIT", 1]]
  ↳ app/controllers/cats_controller.rb:18
  Rendering cats/edit.html.erb within layouts/application
  Rendered cats/edit.html.erb within layouts/application (2.5ms)
Completed 200 OK in 51ms (Views: 48.8ms | ActiveRecord: 0.6ms)


Started GET "/cats/1/edit" for 127.0.0.1 at 2018-11-13 17:07:14 -0800
Processing by CatsController#edit as HTML
  Parameters: {"id"=>"1"}
  [1m[36mCat Load (0.5ms)[0m  [1m[34mSELECT  "cats".* FROM "cats" WHERE "cats"."id" = $1 LIMIT $2[0m  [["id", 1], ["LIMIT", 1]]
  ↳ app/controllers/cats_controller.rb:18
  Rendering cats/edit.html.erb within layouts/application
  Rendered cats/edit.html.erb within layouts/application (1.3ms)
Completed 200 OK in 14ms (Views: 12.7ms | ActiveRecord: 0.5ms)


Started GET "/cats/1/edit" for 127.0.0.1 at 2018-11-13 17:07:15 -0800
Processing by CatsController#edit as HTML
  Parameters: {"id"=>"1"}
  [1m[36mCat Load (0.5ms)[0m  [1m[34mSELECT  "cats".* FROM "cats" WHERE "cats"."id" = $1 LIMIT $2[0m  [["id", 1], ["LIMIT", 1]]
  ↳ app/controllers/cats_controller.rb:18
  Rendering cats/edit.html.erb within layouts/application
  Rendered cats/edit.html.erb within layouts/application (1.5ms)
Completed 200 OK in 16ms (Views: 14.2ms | ActiveRecord: 0.5ms)


Started GET "/cats/1/edit" for 127.0.0.1 at 2018-11-13 17:07:27 -0800
Processing by CatsController#edit as HTML
  Parameters: {"id"=>"1"}
  [1m[36mCat Load (0.5ms)[0m  [1m[34mSELECT  "cats".* FROM "cats" WHERE "cats"."id" = $1 LIMIT $2[0m  [["id", 1], ["LIMIT", 1]]
  ↳ app/controllers/cats_controller.rb:18
  Rendering cats/edit.html.erb within layouts/application
  Rendered cats/edit.html.erb within layouts/application (7.6ms)
Completed 500 Internal Server Error in 16ms (ActiveRecord: 0.5ms)



NoMethodError - undefined method `includes?' for #<Array:0x00007ff3119289f0>
Did you mean?  include?:
  app/views/cats/edit.html.erb:16:in `_app_views_cats_edit_html_erb__769310646309288535_70340956470100'
  app/controllers/cats_controller.rb:19:in `edit'

Started POST "/__better_errors/bd5b1100a69eb264/variables" for 127.0.0.1 at 2018-11-13 17:07:27 -0800
Started GET "/cats/1/edit" for 127.0.0.1 at 2018-11-13 17:07:42 -0800
Processing by CatsController#edit as HTML
  Parameters: {"id"=>"1"}
  [1m[36mCat Load (0.4ms)[0m  [1m[34mSELECT  "cats".* FROM "cats" WHERE "cats"."id" = $1 LIMIT $2[0m  [["id", 1], ["LIMIT", 1]]
  ↳ app/controllers/cats_controller.rb:18
  Rendering cats/edit.html.erb within layouts/application
  Rendered cats/edit.html.erb within layouts/application (6.2ms)
Completed 500 Internal Server Error in 15ms (ActiveRecord: 0.4ms)



NoMethodError - undefined method `includes?' for #<Array:0x00007ff30bee3a08>
Did you mean?  include?:
  app/views/cats/edit.html.erb:16:in `_app_views_cats_edit_html_erb__769310646309288535_70340974434220'
  app/controllers/cats_controller.rb:19:in `edit'

Started POST "/__better_errors/fccf44168b78eae6/variables" for 127.0.0.1 at 2018-11-13 17:07:42 -0800
Started GET "/cats/1/edit" for 127.0.0.1 at 2018-11-13 17:08:04 -0800
Processing by CatsController#edit as HTML
  Parameters: {"id"=>"1"}
  [1m[36mCat Load (0.5ms)[0m  [1m[34mSELECT  "cats".* FROM "cats" WHERE "cats"."id" = $1 LIMIT $2[0m  [["id", 1], ["LIMIT", 1]]
  ↳ app/controllers/cats_controller.rb:18
  Rendering cats/edit.html.erb within layouts/application
  Rendered cats/edit.html.erb within layouts/application (1.5ms)
Completed 200 OK in 14ms (Views: 11.2ms | ActiveRecord: 0.5ms)


Started GET "/cats/1/edit" for 127.0.0.1 at 2018-11-13 17:08:13 -0800
Processing by CatsController#edit as HTML
  Parameters: {"id"=>"1"}
  [1m[36mCat Load (0.3ms)[0m  [1m[34mSELECT  "cats".* FROM "cats" WHERE "cats"."id" = $1 LIMIT $2[0m  [["id", 1], ["LIMIT", 1]]
  ↳ app/controllers/cats_controller.rb:18
  Rendering cats/edit.html.erb within layouts/application
  Rendered cats/edit.html.erb within layouts/application (1.2ms)
Completed 200 OK in 11ms (Views: 9.9ms | ActiveRecord: 0.3ms)


Started GET "/cats/2/edit" for 127.0.0.1 at 2018-11-13 17:08:18 -0800
Processing by CatsController#edit as HTML
  Parameters: {"id"=>"2"}
  [1m[36mCat Load (0.4ms)[0m  [1m[34mSELECT  "cats".* FROM "cats" WHERE "cats"."id" = $1 LIMIT $2[0m  [["id", 2], ["LIMIT", 1]]
  ↳ app/controllers/cats_controller.rb:18
  Rendering cats/edit.html.erb within layouts/application
  Rendered cats/edit.html.erb within layouts/application (1.0ms)
Completed 200 OK in 14ms (Views: 12.2ms | ActiveRecord: 0.4ms)


Started GET "/cats/1/edit" for 127.0.0.1 at 2018-11-13 17:08:47 -0800
Processing by CatsController#edit as HTML
  Parameters: {"id"=>"1"}
  [1m[36mCat Load (0.4ms)[0m  [1m[34mSELECT  "cats".* FROM "cats" WHERE "cats"."id" = $1 LIMIT $2[0m  [["id", 1], ["LIMIT", 1]]
  ↳ app/controllers/cats_controller.rb:18
  Rendering cats/edit.html.erb within layouts/application
  Rendered cats/edit.html.erb within layouts/application (1.8ms)
Completed 200 OK in 41ms (Views: 38.1ms | ActiveRecord: 0.4ms)


Started GET "/cats/1/edit" for 127.0.0.1 at 2018-11-13 17:09:07 -0800
Processing by CatsController#edit as HTML
  Parameters: {"id"=>"1"}
  [1m[36mCat Load (0.4ms)[0m  [1m[34mSELECT  "cats".* FROM "cats" WHERE "cats"."id" = $1 LIMIT $2[0m  [["id", 1], ["LIMIT", 1]]
  ↳ app/controllers/cats_controller.rb:18
  Rendering cats/edit.html.erb within layouts/application
  Rendered cats/edit.html.erb within layouts/application (14.0ms)
Completed 200 OK in 41ms (Views: 39.2ms | ActiveRecord: 0.4ms)


Started GET "/cats/1/edit" for 127.0.0.1 at 2018-11-13 17:09:38 -0800
Processing by CatsController#edit as HTML
  Parameters: {"id"=>"1"}
  [1m[36mCat Load (0.5ms)[0m  [1m[34mSELECT  "cats".* FROM "cats" WHERE "cats"."id" = $1 LIMIT $2[0m  [["id", 1], ["LIMIT", 1]]
  ↳ app/controllers/cats_controller.rb:18
  Rendering cats/edit.html.erb within layouts/application
  Rendered cats/edit.html.erb within layouts/application (1.2ms)
Completed 200 OK in 13ms (Views: 10.3ms | ActiveRecord: 0.5ms)


Started GET "/cats/1/edit" for 127.0.0.1 at 2018-11-13 17:09:40 -0800
Processing by CatsController#edit as HTML
  Parameters: {"id"=>"1"}
  [1m[36mCat Load (0.3ms)[0m  [1m[34mSELECT  "cats".* FROM "cats" WHERE "cats"."id" = $1 LIMIT $2[0m  [["id", 1], ["LIMIT", 1]]
  ↳ app/controllers/cats_controller.rb:18
  Rendering cats/edit.html.erb within layouts/application
  Rendered cats/edit.html.erb within layouts/application (1.6ms)
Completed 200 OK in 12ms (Views: 10.2ms | ActiveRecord: 0.3ms)


Started GET "/cats/1/edit" for 127.0.0.1 at 2018-11-13 17:10:37 -0800
Processing by CatsController#edit as HTML
  Parameters: {"id"=>"1"}
  [1m[36mCat Load (0.4ms)[0m  [1m[34mSELECT  "cats".* FROM "cats" WHERE "cats"."id" = $1 LIMIT $2[0m  [["id", 1], ["LIMIT", 1]]
  ↳ app/controllers/cats_controller.rb:18
  Rendering cats/edit.html.erb within layouts/application
  Rendered cats/edit.html.erb within layouts/application (1.5ms)
Completed 200 OK in 28ms (Views: 26.1ms | ActiveRecord: 0.4ms)


Started GET "/cats/1/edit" for 127.0.0.1 at 2018-11-13 17:10:38 -0800
Processing by CatsController#edit as HTML
  Parameters: {"id"=>"1"}
  [1m[36mCat Load (0.3ms)[0m  [1m[34mSELECT  "cats".* FROM "cats" WHERE "cats"."id" = $1 LIMIT $2[0m  [["id", 1], ["LIMIT", 1]]
  ↳ app/controllers/cats_controller.rb:18
  Rendering cats/edit.html.erb within layouts/application
  Rendered cats/edit.html.erb within layouts/application (1.8ms)
Completed 200 OK in 14ms (Views: 12.1ms | ActiveRecord: 0.3ms)


Started GET "/cats/1/edit" for 127.0.0.1 at 2018-11-13 17:10:39 -0800
Processing by CatsController#edit as HTML
  Parameters: {"id"=>"1"}
  [1m[36mCat Load (0.5ms)[0m  [1m[34mSELECT  "cats".* FROM "cats" WHERE "cats"."id" = $1 LIMIT $2[0m  [["id", 1], ["LIMIT", 1]]
  ↳ app/controllers/cats_controller.rb:18
  Rendering cats/edit.html.erb within layouts/application
  Rendered cats/edit.html.erb within layouts/application (1.6ms)
Completed 200 OK in 17ms (Views: 14.9ms | ActiveRecord: 0.5ms)


Started GET "/cats/1/edit" for 127.0.0.1 at 2018-11-13 17:10:40 -0800
Processing by CatsController#edit as HTML
  Parameters: {"id"=>"1"}
  [1m[36mCat Load (0.3ms)[0m  [1m[34mSELECT  "cats".* FROM "cats" WHERE "cats"."id" = $1 LIMIT $2[0m  [["id", 1], ["LIMIT", 1]]
  ↳ app/controllers/cats_controller.rb:18
  Rendering cats/edit.html.erb within layouts/application
  Rendered cats/edit.html.erb within layouts/application (1.3ms)
Completed 200 OK in 13ms (Views: 11.6ms | ActiveRecord: 0.3ms)


Started GET "/cats/1/edit" for 127.0.0.1 at 2018-11-13 17:11:13 -0800
Processing by CatsController#edit as HTML
  Parameters: {"id"=>"1"}
  [1m[36mCat Load (0.3ms)[0m  [1m[34mSELECT  "cats".* FROM "cats" WHERE "cats"."id" = $1 LIMIT $2[0m  [["id", 1], ["LIMIT", 1]]
  ↳ app/controllers/cats_controller.rb:18
  Rendering cats/edit.html.erb within layouts/application
  Rendered cats/edit.html.erb within layouts/application (1.2ms)
Completed 200 OK in 29ms (Views: 26.9ms | ActiveRecord: 0.3ms)


Started GET "/cats/2/edit" for 127.0.0.1 at 2018-11-13 17:11:24 -0800
Processing by CatsController#edit as HTML
  Parameters: {"id"=>"2"}
  [1m[36mCat Load (0.5ms)[0m  [1m[34mSELECT  "cats".* FROM "cats" WHERE "cats"."id" = $1 LIMIT $2[0m  [["id", 2], ["LIMIT", 1]]
  ↳ app/controllers/cats_controller.rb:18
  Rendering cats/edit.html.erb within layouts/application
  Rendered cats/edit.html.erb within layouts/application (1.2ms)
Completed 200 OK in 15ms (Views: 11.8ms | ActiveRecord: 0.5ms)


Started PATCH "/cats.2" for 127.0.0.1 at 2018-11-13 17:12:01 -0800
  
ActionController::RoutingError (No route matches [PATCH] "/cats.2"):
  
actionpack (5.2.1) lib/action_dispatch/middleware/debug_exceptions.rb:65:in `call'
web-console (3.7.0) lib/web_console/middleware.rb:135:in `call_app'
web-console (3.7.0) lib/web_console/middleware.rb:30:in `block in call'
web-console (3.7.0) lib/web_console/middleware.rb:20:in `catch'
web-console (3.7.0) lib/web_console/middleware.rb:20:in `call'
actionpack (5.2.1) lib/action_dispatch/middleware/show_exceptions.rb:33:in `call'
railties (5.2.1) lib/rails/rack/logger.rb:38:in `call_app'
railties (5.2.1) lib/rails/rack/logger.rb:26:in `block in call'
activesupport (5.2.1) lib/active_support/tagged_logging.rb:71:in `block in tagged'
activesupport (5.2.1) lib/active_support/tagged_logging.rb:28:in `tagged'
activesupport (5.2.1) lib/active_support/tagged_logging.rb:71:in `tagged'
railties (5.2.1) lib/rails/rack/logger.rb:26:in `call'
sprockets-rails (3.2.1) lib/sprockets/rails/quiet_assets.rb:13:in `call'
actionpack (5.2.1) lib/action_dispatch/middleware/remote_ip.rb:81:in `call'
actionpack (5.2.1) lib/action_dispatch/middleware/request_id.rb:27:in `call'
rack (2.0.6) lib/rack/method_override.rb:22:in `call'
rack (2.0.6) lib/rack/runtime.rb:22:in `call'
activesupport (5.2.1) lib/active_support/cache/strategy/local_cache_middleware.rb:29:in `call'
actionpack (5.2.1) lib/action_dispatch/middleware/executor.rb:14:in `call'
actionpack (5.2.1) lib/action_dispatch/middleware/static.rb:127:in `call'
rack (2.0.6) lib/rack/sendfile.rb:111:in `call'
railties (5.2.1) lib/rails/engine.rb:524:in `call'
puma (3.12.0) lib/puma/configuration.rb:225:in `call'
puma (3.12.0) lib/puma/server.rb:658:in `handle_request'
puma (3.12.0) lib/puma/server.rb:472:in `process_client'
puma (3.12.0) lib/puma/server.rb:332:in `block in run'
puma (3.12.0) lib/puma/thread_pool.rb:133:in `block in spawn_thread'
Started PATCH "/cats.2" for 127.0.0.1 at 2018-11-13 17:15:53 -0800
  
ActionController::RoutingError (No route matches [PATCH] "/cats.2"):
  
actionpack (5.2.1) lib/action_dispatch/middleware/debug_exceptions.rb:65:in `call'
web-console (3.7.0) lib/web_console/middleware.rb:135:in `call_app'
web-console (3.7.0) lib/web_console/middleware.rb:30:in `block in call'
web-console (3.7.0) lib/web_console/middleware.rb:20:in `catch'
web-console (3.7.0) lib/web_console/middleware.rb:20:in `call'
actionpack (5.2.1) lib/action_dispatch/middleware/show_exceptions.rb:33:in `call'
railties (5.2.1) lib/rails/rack/logger.rb:38:in `call_app'
railties (5.2.1) lib/rails/rack/logger.rb:26:in `block in call'
activesupport (5.2.1) lib/active_support/tagged_logging.rb:71:in `block in tagged'
activesupport (5.2.1) lib/active_support/tagged_logging.rb:28:in `tagged'
activesupport (5.2.1) lib/active_support/tagged_logging.rb:71:in `tagged'
railties (5.2.1) lib/rails/rack/logger.rb:26:in `call'
sprockets-rails (3.2.1) lib/sprockets/rails/quiet_assets.rb:13:in `call'
actionpack (5.2.1) lib/action_dispatch/middleware/remote_ip.rb:81:in `call'
actionpack (5.2.1) lib/action_dispatch/middleware/request_id.rb:27:in `call'
rack (2.0.6) lib/rack/method_override.rb:22:in `call'
rack (2.0.6) lib/rack/runtime.rb:22:in `call'
activesupport (5.2.1) lib/active_support/cache/strategy/local_cache_middleware.rb:29:in `call'
actionpack (5.2.1) lib/action_dispatch/middleware/executor.rb:14:in `call'
actionpack (5.2.1) lib/action_dispatch/middleware/static.rb:127:in `call'
rack (2.0.6) lib/rack/sendfile.rb:111:in `call'
railties (5.2.1) lib/rails/engine.rb:524:in `call'
puma (3.12.0) lib/puma/configuration.rb:225:in `call'
puma (3.12.0) lib/puma/server.rb:658:in `handle_request'
puma (3.12.0) lib/puma/server.rb:472:in `process_client'
puma (3.12.0) lib/puma/server.rb:332:in `block in run'
puma (3.12.0) lib/puma/thread_pool.rb:133:in `block in spawn_thread'
Started GET "/cats/1/edit" for 127.0.0.1 at 2018-11-13 17:15:59 -0800
Processing by CatsController#edit as HTML
  Parameters: {"id"=>"1"}
  [1m[36mCat Load (0.4ms)[0m  [1m[34mSELECT  "cats".* FROM "cats" WHERE "cats"."id" = $1 LIMIT $2[0m  [["id", 1], ["LIMIT", 1]]
  ↳ app/controllers/cats_controller.rb:18
  Rendering cats/edit.html.erb within layouts/application
  Rendered cats/edit.html.erb within layouts/application (2.0ms)
Completed 200 OK in 118ms (Views: 46.0ms | ActiveRecord: 9.2ms)


Started GET "/cats/2/edit" for 127.0.0.1 at 2018-11-13 17:16:04 -0800
Processing by CatsController#edit as HTML
  Parameters: {"id"=>"2"}
  [1m[36mCat Load (0.4ms)[0m  [1m[34mSELECT  "cats".* FROM "cats" WHERE "cats"."id" = $1 LIMIT $2[0m  [["id", 2], ["LIMIT", 1]]
  ↳ app/controllers/cats_controller.rb:18
  Rendering cats/edit.html.erb within layouts/application
  Rendered cats/edit.html.erb within layouts/application (2.2ms)
Completed 200 OK in 20ms (Views: 16.0ms | ActiveRecord: 0.4ms)


Started PATCH "/cats.2" for 127.0.0.1 at 2018-11-13 17:16:08 -0800
  
ActionController::RoutingError (No route matches [PATCH] "/cats.2"):
  
actionpack (5.2.1) lib/action_dispatch/middleware/debug_exceptions.rb:65:in `call'
web-console (3.7.0) lib/web_console/middleware.rb:135:in `call_app'
web-console (3.7.0) lib/web_console/middleware.rb:30:in `block in call'
web-console (3.7.0) lib/web_console/middleware.rb:20:in `catch'
web-console (3.7.0) lib/web_console/middleware.rb:20:in `call'
actionpack (5.2.1) lib/action_dispatch/middleware/show_exceptions.rb:33:in `call'
railties (5.2.1) lib/rails/rack/logger.rb:38:in `call_app'
railties (5.2.1) lib/rails/rack/logger.rb:26:in `block in call'
activesupport (5.2.1) lib/active_support/tagged_logging.rb:71:in `block in tagged'
activesupport (5.2.1) lib/active_support/tagged_logging.rb:28:in `tagged'
activesupport (5.2.1) lib/active_support/tagged_logging.rb:71:in `tagged'
railties (5.2.1) lib/rails/rack/logger.rb:26:in `call'
sprockets-rails (3.2.1) lib/sprockets/rails/quiet_assets.rb:13:in `call'
actionpack (5.2.1) lib/action_dispatch/middleware/remote_ip.rb:81:in `call'
actionpack (5.2.1) lib/action_dispatch/middleware/request_id.rb:27:in `call'
rack (2.0.6) lib/rack/method_override.rb:22:in `call'
rack (2.0.6) lib/rack/runtime.rb:22:in `call'
activesupport (5.2.1) lib/active_support/cache/strategy/local_cache_middleware.rb:29:in `call'
actionpack (5.2.1) lib/action_dispatch/middleware/executor.rb:14:in `call'
actionpack (5.2.1) lib/action_dispatch/middleware/static.rb:127:in `call'
rack (2.0.6) lib/rack/sendfile.rb:111:in `call'
railties (5.2.1) lib/rails/engine.rb:524:in `call'
puma (3.12.0) lib/puma/configuration.rb:225:in `call'
puma (3.12.0) lib/puma/server.rb:658:in `handle_request'
puma (3.12.0) lib/puma/server.rb:472:in `process_client'
puma (3.12.0) lib/puma/server.rb:332:in `block in run'
puma (3.12.0) lib/puma/thread_pool.rb:133:in `block in spawn_thread'
Started PATCH "/cats.2" for 127.0.0.1 at 2018-11-13 17:17:54 -0800
  
ActionController::RoutingError (No route matches [PATCH] "/cats.2"):
  
actionpack (5.2.1) lib/action_dispatch/middleware/debug_exceptions.rb:65:in `call'
web-console (3.7.0) lib/web_console/middleware.rb:135:in `call_app'
web-console (3.7.0) lib/web_console/middleware.rb:30:in `block in call'
web-console (3.7.0) lib/web_console/middleware.rb:20:in `catch'
web-console (3.7.0) lib/web_console/middleware.rb:20:in `call'
actionpack (5.2.1) lib/action_dispatch/middleware/show_exceptions.rb:33:in `call'
railties (5.2.1) lib/rails/rack/logger.rb:38:in `call_app'
railties (5.2.1) lib/rails/rack/logger.rb:26:in `block in call'
activesupport (5.2.1) lib/active_support/tagged_logging.rb:71:in `block in tagged'
activesupport (5.2.1) lib/active_support/tagged_logging.rb:28:in `tagged'
activesupport (5.2.1) lib/active_support/tagged_logging.rb:71:in `tagged'
railties (5.2.1) lib/rails/rack/logger.rb:26:in `call'
sprockets-rails (3.2.1) lib/sprockets/rails/quiet_assets.rb:13:in `call'
actionpack (5.2.1) lib/action_dispatch/middleware/remote_ip.rb:81:in `call'
actionpack (5.2.1) lib/action_dispatch/middleware/request_id.rb:27:in `call'
rack (2.0.6) lib/rack/method_override.rb:22:in `call'
rack (2.0.6) lib/rack/runtime.rb:22:in `call'
activesupport (5.2.1) lib/active_support/cache/strategy/local_cache_middleware.rb:29:in `call'
actionpack (5.2.1) lib/action_dispatch/middleware/executor.rb:14:in `call'
actionpack (5.2.1) lib/action_dispatch/middleware/static.rb:127:in `call'
rack (2.0.6) lib/rack/sendfile.rb:111:in `call'
railties (5.2.1) lib/rails/engine.rb:524:in `call'
puma (3.12.0) lib/puma/configuration.rb:225:in `call'
puma (3.12.0) lib/puma/server.rb:658:in `handle_request'
puma (3.12.0) lib/puma/server.rb:472:in `process_client'
puma (3.12.0) lib/puma/server.rb:332:in `block in run'
puma (3.12.0) lib/puma/thread_pool.rb:133:in `block in spawn_thread'
Started GET "/cats/2/edit" for 127.0.0.1 at 2018-11-13 17:17:59 -0800
Processing by CatsController#edit as HTML
  Parameters: {"id"=>"2"}
  [1m[36mCat Load (0.8ms)[0m  [1m[34mSELECT  "cats".* FROM "cats" WHERE "cats"."id" = $1 LIMIT $2[0m  [["id", 2], ["LIMIT", 1]]
  ↳ app/controllers/cats_controller.rb:18
  Rendering cats/edit.html.erb within layouts/application
  Rendered cats/edit.html.erb within layouts/application (1.4ms)
Completed 200 OK in 30ms (Views: 26.1ms | ActiveRecord: 0.8ms)


Started PATCH "/cats/2" for 127.0.0.1 at 2018-11-13 17:18:03 -0800
Processing by CatsController#update as HTML
  Parameters: {"cats"=>{"name"=>"Christine", "sex"=>"F", "color"=>"Gray", "birth_date"=>"2018-11-04", "description"=>"pls pls work"}, "id"=>"2"}
  [1m[36mCat Load (0.3ms)[0m  [1m[34mSELECT  "cats".* FROM "cats" WHERE "cats"."id" = $1 LIMIT $2[0m  [["id", 2], ["LIMIT", 1]]
  ↳ app/controllers/cats_controller.rb:29
Completed 500 Internal Server Error in 2ms (ActiveRecord: 0.3ms)



ArgumentError - wrong number of arguments (given 0, expected 1):
  app/controllers/cats_controller.rb:31:in `update'

Started POST "/__better_errors/01dd8343b5593cd3/variables" for 127.0.0.1 at 2018-11-13 17:18:03 -0800
Started GET "/cats/2/edit" for 127.0.0.1 at 2018-11-13 17:20:21 -0800
Processing by CatsController#edit as HTML
  Parameters: {"id"=>"2"}
  [1m[36mCat Load (0.7ms)[0m  [1m[34mSELECT  "cats".* FROM "cats" WHERE "cats"."id" = $1 LIMIT $2[0m  [["id", 2], ["LIMIT", 1]]
  ↳ app/controllers/cats_controller.rb:18
  Rendering cats/edit.html.erb within layouts/application
  Rendered cats/edit.html.erb within layouts/application (2.3ms)
Completed 200 OK in 45ms (Views: 14.5ms | ActiveRecord: 10.3ms)


Started PATCH "/cats/2" for 127.0.0.1 at 2018-11-13 17:20:26 -0800
Processing by CatsController#update as HTML
  Parameters: {"cats"=>{"name"=>"Christine", "sex"=>"F", "color"=>"Gray", "birth_date"=>"2018-11-04", "description"=>"pls pls work"}, "id"=>"2"}
  [1m[36mCat Load (0.4ms)[0m  [1m[34mSELECT  "cats".* FROM "cats" WHERE "cats"."id" = $1 LIMIT $2[0m  [["id", 2], ["LIMIT", 1]]
  ↳ app/controllers/cats_controller.rb:29
Completed 500 Internal Server Error in 3ms (ActiveRecord: 0.4ms)



ArgumentError - wrong number of arguments (given 0, expected 1):
  app/controllers/cats_controller.rb:31:in `update'

Started POST "/__better_errors/136f32ffd16cbb90/variables" for 127.0.0.1 at 2018-11-13 17:20:26 -0800
Started GET "/cats/2/edit" for 127.0.0.1 at 2018-11-13 17:21:10 -0800
Processing by CatsController#edit as HTML
  Parameters: {"id"=>"2"}
  [1m[36mCat Load (0.3ms)[0m  [1m[34mSELECT  "cats".* FROM "cats" WHERE "cats"."id" = $1 LIMIT $2[0m  [["id", 2], ["LIMIT", 1]]
  ↳ app/controllers/cats_controller.rb:18
  Rendering cats/edit.html.erb within layouts/application
  Rendered cats/edit.html.erb within layouts/application (1.4ms)
Completed 200 OK in 51ms (Views: 28.0ms | ActiveRecord: 8.3ms)


Started PATCH "/cats/2" for 127.0.0.1 at 2018-11-13 17:21:14 -0800
Processing by CatsController#update as HTML
  Parameters: {"cats"=>{"name"=>"Chrstine", "sex"=>"F", "color"=>"Gray", "birth_date"=>"2018-11-04", "description"=>"pls pls work"}, "id"=>"2"}
  [1m[36mCat Load (0.3ms)[0m  [1m[34mSELECT  "cats".* FROM "cats" WHERE "cats"."id" = $1 LIMIT $2[0m  [["id", 2], ["LIMIT", 1]]
  ↳ app/controllers/cats_controller.rb:29
Completed 500 Internal Server Error in 104512ms (ActiveRecord: 0.3ms)



ArgumentError - wrong number of arguments (given 0, expected 1):
  app/controllers/cats_controller.rb:31:in `update'

Started POST "/__better_errors/7058f48be163e0af/variables" for 127.0.0.1 at 2018-11-13 17:22:59 -0800
Started GET "/cats/2/edit" for 127.0.0.1 at 2018-11-13 17:23:01 -0800
Processing by CatsController#edit as HTML
  Parameters: {"id"=>"2"}
  [1m[36mCat Load (0.3ms)[0m  [1m[34mSELECT  "cats".* FROM "cats" WHERE "cats"."id" = $1 LIMIT $2[0m  [["id", 2], ["LIMIT", 1]]
  ↳ app/controllers/cats_controller.rb:18
  Rendering cats/edit.html.erb within layouts/application
  Rendered cats/edit.html.erb within layouts/application (1.0ms)
Completed 200 OK in 37ms (Views: 9.5ms | ActiveRecord: 9.1ms)


Started PATCH "/cats/2" for 127.0.0.1 at 2018-11-13 17:23:17 -0800
Processing by CatsController#update as HTML
  Parameters: {"cats"=>{"name"=>"Christine", "sex"=>"F", "color"=>"Gray", "birth_date"=>"2018-11-04", "description"=>"pls pls work"}, "id"=>"2"}
  [1m[36mCat Load (0.5ms)[0m  [1m[34mSELECT  "cats".* FROM "cats" WHERE "cats"."id" = $1 LIMIT $2[0m  [["id", 2], ["LIMIT", 1]]
  ↳ app/controllers/cats_controller.rb:29
  [1m[35m (0.4ms)[0m  [1m[35mBEGIN[0m
  ↳ app/controllers/cats_controller.rb:31
  [1m[36mCat Update (1.1ms)[0m  [1m[33mUPDATE "cats" SET "name" = $1, "updated_at" = $2 WHERE "cats"."id" = $3[0m  [["name", "Christine"], ["updated_at", "2018-11-14 01:23:29.806021"], ["id", 2]]
  ↳ app/controllers/cats_controller.rb:31
  [1m[35m (28.2ms)[0m  [1m[35mCOMMIT[0m
  ↳ app/controllers/cats_controller.rb:31
Redirected to http://localhost:3000/cats/2
Completed 302 Found in 12314ms (ActiveRecord: 30.1ms)


Started GET "/cats/2" for 127.0.0.1 at 2018-11-13 17:23:29 -0800
Processing by CatsController#show as HTML
  Parameters: {"id"=>"2"}
  [1m[36mCat Load (0.3ms)[0m  [1m[34mSELECT  "cats".* FROM "cats" WHERE "cats"."id" = $1 LIMIT $2[0m  [["id", 2], ["LIMIT", 1]]
  ↳ app/controllers/cats_controller.rb:9
  Rendering cats/show.html.erb within layouts/application
  Rendered cats/show.html.erb within layouts/application (0.8ms)
Completed 200 OK in 26ms (Views: 24.8ms | ActiveRecord: 0.3ms)


Started GET "/cats/new" for 127.0.0.1 at 2018-11-13 17:47:20 -0800
Processing by CatsController#new as HTML
  Rendering cats/new.html.erb within layouts/application
  Rendered cats/_form.html.erb (2.1ms)
  Rendered cats/new.html.erb within layouts/application (6.0ms)
Completed 500 Internal Server Error in 33ms (ActiveRecord: 0.0ms)



SyntaxError - syntax error, unexpected keyword_ensure, expecting ')'
          ensure
          ^~~~~~
/Users/appacademy/Desktop/W4D2/ninety_nine_cats/app/views/cats/_form.html.erb:43: syntax error, unexpected keyword_end, expecting ')'
          end
          ^~~:
  app/views/cats/_form.html.erb:41:in `'
  app/views/cats/new.html.erb:1:in `_app_views_cats_new_html_erb___3569538301537430867_70340926456320'
  app/controllers/cats_controller.rb:14:in `new'

Started POST "/__better_errors/a35bb6894e706ba6/variables" for 127.0.0.1 at 2018-11-13 17:47:20 -0800
Started GET "/cats/new" for 127.0.0.1 at 2018-11-13 17:47:46 -0800
Processing by CatsController#new as HTML
  Rendering cats/new.html.erb within layouts/application
  Rendered cats/_form.html.erb (2.3ms)
  Rendered cats/new.html.erb within layouts/application (6.4ms)
Completed 500 Internal Server Error in 14ms (ActiveRecord: 0.0ms)



SyntaxError - syntax error, unexpected keyword_ensure, expecting ')'
          ensure
          ^~~~~~
/Users/appacademy/Desktop/W4D2/ninety_nine_cats/app/views/cats/_form.html.erb:43: syntax error, unexpected keyword_end, expecting ')'
          end
          ^~~:
  app/views/cats/_form.html.erb:41:in `'
  app/views/cats/new.html.erb:1:in `_app_views_cats_new_html_erb___3569538301537430867_70340964963720'
  app/controllers/cats_controller.rb:14:in `new'

Started POST "/__better_errors/143c3876ceca151e/variables" for 127.0.0.1 at 2018-11-13 17:47:47 -0800
Started GET "/cats/new" for 127.0.0.1 at 2018-11-13 17:49:20 -0800
Processing by CatsController#new as HTML
  Rendering cats/new.html.erb within layouts/application
  Rendered cats/_form.html.erb (37.6ms)
  Rendered cats/new.html.erb within layouts/application (44.0ms)
Completed 200 OK in 73ms (Views: 72.4ms | ActiveRecord: 0.0ms)


Started POST "/cats" for 127.0.0.1 at 2018-11-13 17:50:03 -0800
Processing by CatsController#create as HTML
  Parameters: {"cats"=>{"name"=>"Jill", "sex"=>"F", "color"=>"Tuxedo", "birth_date"=>"2005-05-05", "description"=>"What a gal!"}}
  [1m[35m (0.2ms)[0m  [1m[35mBEGIN[0m
  ↳ app/controllers/cats_controller.rb:25
  [1m[36mCat Create (9.9ms)[0m  [1m[32mINSERT INTO "cats" ("birth_date", "color", "name", "sex", "description", "created_at", "updated_at") VALUES ($1, $2, $3, $4, $5, $6, $7) RETURNING "id"[0m  [["birth_date", "2005-05-05"], ["color", "Tuxedo"], ["name", "Jill"], ["sex", "F"], ["description", "What a gal!"], ["created_at", "2018-11-14 01:50:03.689094"], ["updated_at", "2018-11-14 01:50:03.689094"]]
  ↳ app/controllers/cats_controller.rb:25
  [1m[35m (20.4ms)[0m  [1m[35mCOMMIT[0m
  ↳ app/controllers/cats_controller.rb:25
Redirected to http://localhost:3000/cats
Completed 302 Found in 98ms (ActiveRecord: 46.6ms)


Started GET "/cats" for 127.0.0.1 at 2018-11-13 17:50:03 -0800
Processing by CatsController#index as HTML
  Rendering cats/index.html.erb within layouts/application
  [1m[36mCat Load (1.1ms)[0m  [1m[34mSELECT "cats".* FROM "cats"[0m
  ↳ app/views/cats/index.html.erb:4
  Rendered cats/index.html.erb within layouts/application (4.5ms)
Completed 200 OK in 24ms (Views: 22.0ms | ActiveRecord: 1.1ms)


Started GET "/cats/new" for 127.0.0.1 at 2018-11-13 17:50:19 -0800
Processing by CatsController#new as HTML
  Rendering cats/new.html.erb within layouts/application
  Rendered cats/_form.html.erb (0.9ms)
  Rendered cats/new.html.erb within layouts/application (3.5ms)
Completed 200 OK in 12ms (Views: 11.8ms | ActiveRecord: 0.0ms)


Started GET "/cats/new" for 127.0.0.1 at 2018-11-13 17:50:48 -0800
Processing by CatsController#new as HTML
  Rendering cats/new.html.erb within layouts/application
  Rendered cats/_form.html.erb (1.6ms)
  Rendered cats/new.html.erb within layouts/application (4.6ms)
Completed 200 OK in 18ms (Views: 17.0ms | ActiveRecord: 0.0ms)


Started GET "/cats/new" for 127.0.0.1 at 2018-11-13 17:50:56 -0800
Processing by CatsController#new as HTML
  Rendering cats/new.html.erb within layouts/application
  Rendered cats/_form.html.erb (1.8ms)
  Rendered cats/new.html.erb within layouts/application (5.7ms)
Completed 200 OK in 20ms (Views: 19.8ms | ActiveRecord: 0.0ms)


Started POST "/cats" for 127.0.0.1 at 2018-11-13 17:51:42 -0800
Processing by CatsController#create as HTML
  Parameters: {"cats"=>{"name"=>"Bartholomeow", "sex"=>"F", "color"=>"Black", "birth_date"=>"1999-09-09", "description"=>"Old fella!"}}
  [1m[35m (0.2ms)[0m  [1m[35mBEGIN[0m
  ↳ app/controllers/cats_controller.rb:25
  [1m[36mCat Create (0.8ms)[0m  [1m[32mINSERT INTO "cats" ("birth_date", "color", "name", "sex", "description", "created_at", "updated_at") VALUES ($1, $2, $3, $4, $5, $6, $7) RETURNING "id"[0m  [["birth_date", "1999-09-09"], ["color", "Black"], ["name", "Bartholomeow"], ["sex", "F"], ["description", "Old fella!"], ["created_at", "2018-11-14 01:51:42.390544"], ["updated_at", "2018-11-14 01:51:42.390544"]]
  ↳ app/controllers/cats_controller.rb:25
  [1m[35m (1.0ms)[0m  [1m[35mCOMMIT[0m
  ↳ app/controllers/cats_controller.rb:25
Redirected to http://localhost:3000/cats
Completed 302 Found in 8ms (ActiveRecord: 2.0ms)


Started GET "/cats" for 127.0.0.1 at 2018-11-13 17:51:42 -0800
Processing by CatsController#index as HTML
  Rendering cats/index.html.erb within layouts/application
  [1m[36mCat Load (0.6ms)[0m  [1m[34mSELECT "cats".* FROM "cats"[0m
  ↳ app/views/cats/index.html.erb:4
  Rendered cats/index.html.erb within layouts/application (3.8ms)
Completed 200 OK in 17ms (Views: 15.2ms | ActiveRecord: 0.6ms)


Started GET "/cats/5/edit" for 127.0.0.1 at 2018-11-13 17:51:51 -0800
Processing by CatsController#edit as HTML
  Parameters: {"id"=>"5"}
  [1m[36mCat Load (0.6ms)[0m  [1m[34mSELECT  "cats".* FROM "cats" WHERE "cats"."id" = $1 LIMIT $2[0m  [["id", 5], ["LIMIT", 1]]
  ↳ app/controllers/cats_controller.rb:18
  Rendering cats/edit.html.erb within layouts/application
  Rendered cats/_form.html.erb (3.1ms)
  Rendered cats/edit.html.erb within layouts/application (8.0ms)
Completed 200 OK in 58ms (Views: 52.6ms | ActiveRecord: 1.0ms)


Started PATCH "/cats/5" for 127.0.0.1 at 2018-11-13 17:51:58 -0800
Processing by CatsController#update as HTML
  Parameters: {"cats"=>{"name"=>"Bartholomeow", "sex"=>"M", "color"=>"Black", "birth_date"=>"1999-09-09", "description"=>"Old fella!"}, "id"=>"5"}
  [1m[36mCat Load (0.5ms)[0m  [1m[34mSELECT  "cats".* FROM "cats" WHERE "cats"."id" = $1 LIMIT $2[0m  [["id", 5], ["LIMIT", 1]]
  ↳ app/controllers/cats_controller.rb:29
  [1m[35m (0.2ms)[0m  [1m[35mBEGIN[0m
  ↳ app/controllers/cats_controller.rb:30
  [1m[36mCat Update (0.7ms)[0m  [1m[33mUPDATE "cats" SET "sex" = $1, "updated_at" = $2 WHERE "cats"."id" = $3[0m  [["sex", "M"], ["updated_at", "2018-11-14 01:51:58.008098"], ["id", 5]]
  ↳ app/controllers/cats_controller.rb:30
  [1m[35m (1.0ms)[0m  [1m[35mCOMMIT[0m
  ↳ app/controllers/cats_controller.rb:30
Redirected to http://localhost:3000/cats/5
Completed 302 Found in 10ms (ActiveRecord: 2.3ms)


Started GET "/cats/5" for 127.0.0.1 at 2018-11-13 17:51:58 -0800
Processing by CatsController#show as HTML
  Parameters: {"id"=>"5"}
  [1m[36mCat Load (0.6ms)[0m  [1m[34mSELECT  "cats".* FROM "cats" WHERE "cats"."id" = $1 LIMIT $2[0m  [["id", 5], ["LIMIT", 1]]
  ↳ app/controllers/cats_controller.rb:9
  Rendering cats/show.html.erb within layouts/application
  Rendered cats/show.html.erb within layouts/application (1.1ms)
Completed 200 OK in 44ms (Views: 41.1ms | ActiveRecord: 0.6ms)


